This is pdfTeX, Version 3.14159265-2.6-1.40.18 (TeX Live 2017) (preloaded format=latex 2018.2.3)  24 OCT 2018 20:46
entering extended mode
 \write18 enabled.
 %&-line parsing enabled.
**main.tex
(./main.tex
LaTeX2e <2017-04-15>
Babel <3.17> and hyphenation patterns for 84 language(s) loaded.
(./IEEEtran.cls
Document Class: IEEEtran 2015/08/26 V1.8b by Michael Shell
-- See the "IEEEtran_HOWTO" manual for usage information.
-- http://www.michaelshell.org/tex/ieeetran/
\@IEEEtrantmpdimenA=\dimen102
\@IEEEtrantmpdimenB=\dimen103
\@IEEEtrantmpdimenC=\dimen104
\@IEEEtrantmpcountA=\count79
\@IEEEtrantmpcountB=\count80
\@IEEEtrantmpcountC=\count81
\@IEEEtrantmptoksA=\toks14
LaTeX Font Info:    Try loading font information for OT1+ppl on input line 503.


(/nfs/guille/a2/rh80apps/tex_live/tex_live-2017/texmf-dist/tex/latex/psnfss/ot1
ppl.fd
File: ot1ppl.fd 2001/06/04 font definitions for OT1/ppl.
)
-- Using IEEE Computer Society mode.
-- Using 8.5in x 11in (letter) paper.
-- Using DVI output.
\@IEEEnormalsizeunitybaselineskip=\dimen105
-- This is a 10 point document.
\CLASSINFOnormalsizebaselineskip=\dimen106
\CLASSINFOnormalsizeunitybaselineskip=\dimen107
\IEEEnormaljot=\dimen108
LaTeX Font Info:    Font shape `OT1/ppl/bx/n' in size <5.01874> not available
(Font)              Font shape `OT1/ppl/b/n' tried instead on input line 1090.
LaTeX Font Info:    Font shape `OT1/ppl/bx/it' in size <5.01874> not available
(Font)              Font shape `OT1/ppl/b/it' tried instead on input line 1090.

LaTeX Font Info:    Font shape `OT1/ppl/bx/n' in size <7.02625> not available
(Font)              Font shape `OT1/ppl/b/n' tried instead on input line 1090.
LaTeX Font Info:    Font shape `OT1/ppl/bx/it' in size <7.02625> not available
(Font)              Font shape `OT1/ppl/b/it' tried instead on input line 1090.

LaTeX Font Info:    Font shape `OT1/ppl/bx/n' in size <8.03> not available
(Font)              Font shape `OT1/ppl/b/n' tried instead on input line 1090.
LaTeX Font Info:    Font shape `OT1/ppl/bx/it' in size <8.03> not available
(Font)              Font shape `OT1/ppl/b/it' tried instead on input line 1090.

LaTeX Font Info:    Font shape `OT1/ppl/bx/n' in size <9.03374> not available
(Font)              Font shape `OT1/ppl/b/n' tried instead on input line 1090.
LaTeX Font Info:    Font shape `OT1/ppl/bx/it' in size <9.03374> not available
(Font)              Font shape `OT1/ppl/b/it' tried instead on input line 1090.

LaTeX Font Info:    Font shape `OT1/ppl/bx/n' in size <9.53561> not available
(Font)              Font shape `OT1/ppl/b/n' tried instead on input line 1090.
LaTeX Font Info:    Font shape `OT1/ppl/bx/it' in size <9.53561> not available
(Font)              Font shape `OT1/ppl/b/it' tried instead on input line 1090.

LaTeX Font Info:    Font shape `OT1/ppl/bx/n' in size <11.04124> not available
(Font)              Font shape `OT1/ppl/b/n' tried instead on input line 1090.
LaTeX Font Info:    Font shape `OT1/ppl/bx/it' in size <11.04124> not available

(Font)              Font shape `OT1/ppl/b/it' tried instead on input line 1090.

LaTeX Font Info:    Font shape `OT1/ppl/bx/n' in size <12.045> not available
(Font)              Font shape `OT1/ppl/b/n' tried instead on input line 1090.
LaTeX Font Info:    Font shape `OT1/ppl/bx/it' in size <12.045> not available
(Font)              Font shape `OT1/ppl/b/it' tried instead on input line 1090.

LaTeX Font Info:    Font shape `OT1/ppl/bx/n' in size <17.06374> not available
(Font)              Font shape `OT1/ppl/b/n' tried instead on input line 1090.
LaTeX Font Info:    Font shape `OT1/ppl/bx/it' in size <17.06374> not available

(Font)              Font shape `OT1/ppl/b/it' tried instead on input line 1090.

LaTeX Font Info:    Font shape `OT1/ppl/bx/n' in size <20.075> not available
(Font)              Font shape `OT1/ppl/b/n' tried instead on input line 1090.
LaTeX Font Info:    Font shape `OT1/ppl/bx/it' in size <20.075> not available
(Font)              Font shape `OT1/ppl/b/it' tried instead on input line 1090.

LaTeX Font Info:    Font shape `OT1/ppl/bx/n' in size <24.09> not available
(Font)              Font shape `OT1/ppl/b/n' tried instead on input line 1090.
LaTeX Font Info:    Font shape `OT1/ppl/bx/it' in size <24.09> not available
(Font)              Font shape `OT1/ppl/b/it' tried instead on input line 1090.

\IEEEquantizedlength=\dimen109
\IEEEquantizedlengthdiff=\dimen110
\IEEEquantizedtextheightdiff=\dimen111
\IEEEilabelindentA=\dimen112
\IEEEilabelindentB=\dimen113
\IEEEilabelindent=\dimen114
\IEEEelabelindent=\dimen115
\IEEEdlabelindent=\dimen116
\IEEElabelindent=\dimen117
\IEEEiednormlabelsep=\dimen118
\IEEEiedmathlabelsep=\dimen119
\IEEEiedtopsep=\skip41
\c@section=\count82
\c@subsection=\count83
\c@subsubsection=\count84
\c@paragraph=\count85
\c@IEEEsubequation=\count86
\abovecaptionskip=\skip42
\belowcaptionskip=\skip43
\c@figure=\count87
\c@table=\count88
\@IEEEeqnnumcols=\count89
\@IEEEeqncolcnt=\count90
\@IEEEsubeqnnumrollback=\count91
\@IEEEquantizeheightA=\dimen120
\@IEEEquantizeheightB=\dimen121
\@IEEEquantizeheightC=\dimen122
\@IEEEquantizeprevdepth=\dimen123
\@IEEEquantizemultiple=\count92
\@IEEEquantizeboxA=\box26
\@IEEEtmpitemindent=\dimen124
\IEEEPARstartletwidth=\dimen125
\c@IEEEbiography=\count93
\@IEEEtranrubishbin=\box27
)
(/nfs/guille/a2/rh80apps/tex_live/tex_live-2017/texmf-dist/tex/latex/graphics/g
raphicx.sty
Package: graphicx 2017/06/01 v1.1a Enhanced LaTeX Graphics (DPC,SPQR)

(/nfs/guille/a2/rh80apps/tex_live/tex_live-2017/texmf-dist/tex/latex/graphics/k
eyval.sty
Package: keyval 2014/10/28 v1.15 key=value parser (DPC)
\KV@toks@=\toks15
)
(/nfs/guille/a2/rh80apps/tex_live/tex_live-2017/texmf-dist/tex/latex/graphics/g
raphics.sty
Package: graphics 2017/06/25 v1.2c Standard LaTeX Graphics (DPC,SPQR)

(/nfs/guille/a2/rh80apps/tex_live/tex_live-2017/texmf-dist/tex/latex/graphics/t
rig.sty
Package: trig 2016/01/03 v1.10 sin cos tan (DPC)
)
(/nfs/guille/a2/rh80apps/tex_live/tex_live-2017/texmf-dist/tex/latex/graphics-c
fg/graphics.cfg
File: graphics.cfg 2016/06/04 v1.11 sample graphics configuration
)
Package graphics Info: Driver file: dvips.def on input line 99.

(/nfs/guille/a2/rh80apps/tex_live/tex_live-2017/texmf-dist/tex/latex/graphics-d
ef/dvips.def
File: dvips.def 2017/06/20 v3.1d Graphics/color driver for dvips
))
\Gin@req@height=\dimen126
\Gin@req@width=\dimen127
)
(/nfs/guille/a2/rh80apps/tex_live/tex_live-2017/texmf-dist/tex/latex/url/url.st
y
\Urlmuskip=\muskip10
Package: url 2013/09/16  ver 3.4  Verb mode for urls, etc.
)
(/nfs/guille/a2/rh80apps/tex_live/tex_live-2017/texmf-dist/tex/latex/setspace/s
etspace.sty
Package: setspace 2011/12/19 v6.7a set line spacing
)
(/nfs/guille/a2/rh80apps/tex_live/tex_live-2017/texmf-dist/tex/latex/mathtools/
mathtools.sty
Package: mathtools 2018/01/08 v1.21 mathematical typesetting tools

(/nfs/guille/a2/rh80apps/tex_live/tex_live-2017/texmf-dist/tex/latex/tools/calc
.sty
Package: calc 2014/10/28 v4.3 Infix arithmetic (KKT,FJ)
\calc@Acount=\count94
\calc@Bcount=\count95
\calc@Adimen=\dimen128
\calc@Bdimen=\dimen129
\calc@Askip=\skip44
\calc@Bskip=\skip45
LaTeX Info: Redefining \setlength on input line 80.
LaTeX Info: Redefining \addtolength on input line 81.
\calc@Ccount=\count96
\calc@Cskip=\skip46
)
(/nfs/guille/a2/rh80apps/tex_live/tex_live-2017/texmf-dist/tex/latex/mathtools/
mhsetup.sty
Package: mhsetup 2017/03/31 v1.3 programming setup (MH)
)
(/nfs/guille/a2/rh80apps/tex_live/tex_live-2017/texmf-dist/tex/latex/amsmath/am
smath.sty
Package: amsmath 2017/09/02 v2.17a AMS math features
\@mathmargin=\skip47

For additional information on amsmath, use the `?' option.

(/nfs/guille/a2/rh80apps/tex_live/tex_live-2017/texmf-dist/tex/latex/amsmath/am
stext.sty
Package: amstext 2000/06/29 v2.01 AMS text

(/nfs/guille/a2/rh80apps/tex_live/tex_live-2017/texmf-dist/tex/latex/amsmath/am
sgen.sty
File: amsgen.sty 1999/11/30 v2.0 generic functions
\@emptytoks=\toks16
\ex@=\dimen130
))
(/nfs/guille/a2/rh80apps/tex_live/tex_live-2017/texmf-dist/tex/latex/amsmath/am
sbsy.sty
Package: amsbsy 1999/11/29 v1.2d Bold Symbols
\pmbraise@=\dimen131
)
(/nfs/guille/a2/rh80apps/tex_live/tex_live-2017/texmf-dist/tex/latex/amsmath/am
sopn.sty
Package: amsopn 2016/03/08 v2.02 operator names
)
\inf@bad=\count97
LaTeX Info: Redefining \frac on input line 213.
\uproot@=\count98
\leftroot@=\count99
LaTeX Info: Redefining \overline on input line 375.
\classnum@=\count100
\DOTSCASE@=\count101
LaTeX Info: Redefining \ldots on input line 472.
LaTeX Info: Redefining \dots on input line 475.
LaTeX Info: Redefining \cdots on input line 596.
\Mathstrutbox@=\box28
\strutbox@=\box29
\big@size=\dimen132
LaTeX Font Info:    Redeclaring font encoding OML on input line 712.
LaTeX Font Info:    Redeclaring font encoding OMS on input line 713.
\macc@depth=\count102
\c@MaxMatrixCols=\count103
\dotsspace@=\muskip11
\c@parentequation=\count104
\dspbrk@lvl=\count105
\tag@help=\toks17
\row@=\count106
\column@=\count107
\maxfields@=\count108
\andhelp@=\toks18
\eqnshift@=\dimen133
\alignsep@=\dimen134
\tagshift@=\dimen135
\tagwidth@=\dimen136
\totwidth@=\dimen137
\lineht@=\dimen138
\@envbody=\toks19
\multlinegap=\skip48
\multlinetaggap=\skip49
\mathdisplay@stack=\toks20
LaTeX Info: Redefining \[ on input line 2817.
LaTeX Info: Redefining \] on input line 2818.
)
LaTeX Info: Thecontrolsequence`\('isalreadyrobust on input line 129.
LaTeX Info: Thecontrolsequence`\)'isalreadyrobust on input line 129.
LaTeX Info: Thecontrolsequence`\['isalreadyrobust on input line 129.
LaTeX Info: Thecontrolsequence`\]'isalreadyrobust on input line 129.
\g_MT_multlinerow_int=\count109
\l_MT_multwidth_dim=\dimen139
\origjot=\skip50
\l_MT_shortvdotswithinadjustabove_dim=\dimen140
\l_MT_shortvdotswithinadjustbelow_dim=\dimen141
\l_MT_above_intertext_sep=\dimen142
\l_MT_below_intertext_sep=\dimen143
\l_MT_above_shortintertext_sep=\dimen144
\l_MT_below_shortintertext_sep=\dimen145
)
(/nfs/guille/a2/rh80apps/tex_live/tex_live-2017/texmf-dist/tex/latex/listings/l
istings.sty
\lst@mode=\count110
\lst@gtempboxa=\box30
\lst@token=\toks21
\lst@length=\count111
\lst@currlwidth=\dimen146
\lst@column=\count112
\lst@pos=\count113
\lst@lostspace=\dimen147
\lst@width=\dimen148
\lst@newlines=\count114
\lst@lineno=\count115
\lst@maxwidth=\dimen149

(/nfs/guille/a2/rh80apps/tex_live/tex_live-2017/texmf-dist/tex/latex/listings/l
stmisc.sty
File: lstmisc.sty 2015/06/04 1.6 (Carsten Heinz)
\c@lstnumber=\count116
\lst@skipnumbers=\count117
\lst@framebox=\box31
)
(/nfs/guille/a2/rh80apps/tex_live/tex_live-2017/texmf-dist/tex/latex/listings/l
istings.cfg
File: listings.cfg 2015/06/04 1.6 listings configuration
))
Package: listings 2015/06/04 1.6 (Carsten Heinz)

(/nfs/guille/a2/rh80apps/tex_live/tex_live-2017/texmf-dist/tex/latex/graphics/c
olor.sty
Package: color 2016/07/10 v1.1e Standard LaTeX Color (DPC)

(/nfs/guille/a2/rh80apps/tex_live/tex_live-2017/texmf-dist/tex/latex/graphics-c
fg/color.cfg
File: color.cfg 2016/01/02 v1.6 sample color configuration
)
Package color Info: Driver file: dvips.def on input line 147.

(/nfs/guille/a2/rh80apps/tex_live/tex_live-2017/texmf-dist/tex/latex/graphics/d
vipsnam.def
File: dvipsnam.def 2016/06/17 v3.0m Driver-dependent file (DPC,SPQR)
))
(/nfs/guille/a2/rh80apps/tex_live/tex_live-2017/texmf-dist/tex/latex/tex-gyre/t
gbonum.sty
Package: tgbonum 2009/09/27 v1.2 TeX Gyre Bonum as default roman family

(/nfs/guille/a2/rh80apps/tex_live/tex_live-2017/texmf-dist/tex/latex/oberdiek/k
voptions.sty
Package: kvoptions 2016/05/16 v3.12 Key value format for package options (HO)

(/nfs/guille/a2/rh80apps/tex_live/tex_live-2017/texmf-dist/tex/generic/oberdiek
/ltxcmds.sty
Package: ltxcmds 2016/05/16 v1.23 LaTeX kernel commands for general use (HO)
)
(/nfs/guille/a2/rh80apps/tex_live/tex_live-2017/texmf-dist/tex/generic/oberdiek
/kvsetkeys.sty
Package: kvsetkeys 2016/05/16 v1.17 Key value parser (HO)

(/nfs/guille/a2/rh80apps/tex_live/tex_live-2017/texmf-dist/tex/generic/oberdiek
/infwarerr.sty
Package: infwarerr 2016/05/16 v1.4 Providing info/warning/error messages (HO)
)
(/nfs/guille/a2/rh80apps/tex_live/tex_live-2017/texmf-dist/tex/generic/oberdiek
/etexcmds.sty
Package: etexcmds 2016/05/16 v1.6 Avoid name clashes with e-TeX commands (HO)

(/nfs/guille/a2/rh80apps/tex_live/tex_live-2017/texmf-dist/tex/generic/oberdiek
/ifluatex.sty
Package: ifluatex 2016/05/16 v1.4 Provides the ifluatex switch (HO)
Package ifluatex Info: LuaTeX not detected.
)
Package etexcmds Info: Could not find \expanded.
(etexcmds)             That can mean that you are not using pdfTeX 1.50 or
(etexcmds)             that some package has redefined \expanded.
(etexcmds)             In the latter case, load this package earlier.
))))
(/nfs/guille/a2/rh80apps/tex_live/tex_live-2017/texmf-dist/tex/latex/geometry/g
eometry.sty
Package: geometry 2010/09/12 v5.6 Page Geometry

(/nfs/guille/a2/rh80apps/tex_live/tex_live-2017/texmf-dist/tex/generic/oberdiek
/ifpdf.sty
Package: ifpdf 2017/03/15 v3.2 Provides the ifpdf switch
)
(/nfs/guille/a2/rh80apps/tex_live/tex_live-2017/texmf-dist/tex/generic/oberdiek
/ifvtex.sty
Package: ifvtex 2016/05/16 v1.6 Detect VTeX and its facilities (HO)
Package ifvtex Info: VTeX not detected.
)
(/nfs/guille/a2/rh80apps/tex_live/tex_live-2017/texmf-dist/tex/generic/ifxetex/
ifxetex.sty
Package: ifxetex 2010/09/12 v0.6 Provides ifxetex conditional
)
\Gm@cnth=\count118
\Gm@cntv=\count119
\c@Gm@tempcnt=\count120
\Gm@bindingoffset=\dimen150
\Gm@wd@mp=\dimen151
\Gm@odd@mp=\dimen152
\Gm@even@mp=\dimen153
\Gm@layoutwidth=\dimen154
\Gm@layoutheight=\dimen155
\Gm@layouthoffset=\dimen156
\Gm@layoutvoffset=\dimen157
\Gm@dimlist=\toks22
)
(/nfs/guille/a2/rh80apps/tex_live/tex_live-2017/texmf-dist/tex/latex/comment/co
mment.sty
\CommentStream=\write3
 Excluding comment 'comment') (./main.aux)
\openout1 = `main.aux'.

LaTeX Font Info:    Checking defaults for OML/cmm/m/it on input line 16.
LaTeX Font Info:    ... okay on input line 16.
LaTeX Font Info:    Checking defaults for T1/cmr/m/n on input line 16.
LaTeX Font Info:    ... okay on input line 16.
LaTeX Font Info:    Checking defaults for OT1/cmr/m/n on input line 16.
LaTeX Font Info:    ... okay on input line 16.
LaTeX Font Info:    Checking defaults for OMS/cmsy/m/n on input line 16.
LaTeX Font Info:    ... okay on input line 16.
LaTeX Font Info:    Checking defaults for OMX/cmex/m/n on input line 16.
LaTeX Font Info:    ... okay on input line 16.
LaTeX Font Info:    Checking defaults for U/cmr/m/n on input line 16.
LaTeX Font Info:    ... okay on input line 16.
LaTeX Font Info:    Try loading font information for OT1+qbk on input line 16.

(/nfs/guille/a2/rh80apps/tex_live/tex_live-2017/texmf-dist/tex/latex/tex-gyre/o
t1qbk.fd
File: ot1qbk.fd 2009/09/25 v1.2 font definition file for OT1/qbk
)
-- Lines per column: 39 (approximate, difference = 14.73578pt).
\c@lstlisting=\count121
*geometry* driver: auto-detecting
*geometry* detected driver: dvips
*geometry* verbose mode - [ preamble ] result:
* driver: dvips
* paper: <default>
* layout: <same size as paper>
* layoutoffset:(h,v)=(0.0pt,0.0pt)
* modes: 
* h-part:(L,W,R)=(54.2025pt, 505.89pt, 54.2025pt)
* v-part:(T,H,B)=(54.2025pt, 686.56499pt, 54.2025pt)
* \paperwidth=614.295pt
* \paperheight=794.96999pt
* \textwidth=505.89pt
* \textheight=686.56499pt
* \oddsidemargin=-18.06749pt
* \evensidemargin=-18.06749pt
* \topmargin=-36.76537pt
* \headheight=12.0pt
* \headsep=6.69788pt
* \topskip=11.58327pt
* \footskip=19.1765pt
* \marginparwidth=20.0pt
* \marginparsep=10.0pt
* \columnsep=12.045pt
* \skip\footins=15.63728pt plus 6.94984pt minus 3.47491pt
* \hoffset=0.0pt
* \voffset=0.0pt
* \mag=1000
* \@twocolumnfalse
* \@twosidefalse
* \@mparswitchfalse
* \@reversemarginfalse
* (1in=72.27pt=25.4mm, 1cm=28.453pt)

(./titlePage.tex [1]) (./linux.tex
LaTeX Font Info:    Try loading font information for OT1+phv on input line 1.

(/nfs/guille/a2/rh80apps/tex_live/tex_live-2017/texmf-dist/tex/latex/psnfss/ot1
phv.fd
File: ot1phv.fd 2001/06/04 scalable font definitions for OT1/phv.
)
Underfull \hbox (badness 10000) in paragraph at lines 3--17

 []


Underfull \hbox (badness 10000) in paragraph at lines 3--17

 []


Underfull \hbox (badness 10000) in paragraph at lines 3--17

 []


Underfull \hbox (badness 10000) in paragraph at lines 20--26

 []

LaTeX Font Info:    Try loading font information for OMS+ppl on input line 27.

(/nfs/guille/a2/rh80apps/tex_live/tex_live-2017/texmf-dist/tex/latex/psnfss/oms
ppl.fd
File: omsppl.fd 
)
LaTeX Font Info:    Font shape `OMS/ppl/m/n' in size <9.53561> not available
(Font)              Font shape `OMS/cmsy/m/n' tried instead on input line 27.
) (./windows.tex [2]) (./freeBSD.tex) (./main.bbl) [3] (./main.aux) ) 
Here is how much of TeX's memory you used:
 5101 strings out of 492981
 82100 string characters out of 6121826
 155344 words of memory out of 5000000
 8602 multiletter control sequences out of 15000+600000
 152408 words of font info for 108 fonts, out of 8000000 for 9000
 1141 hyphenation exceptions out of 8191
 37i,6n,32p,1190b,1140s stack positions out of 5000i,500n,10000p,200000b,80000s

Output written on main.dvi (3 pages, 11820 bytes).
